Performing C SOURCE FILE Test CMAKE_HAVE_LIBC_PTHREAD failed with the following output:
Change Dir: /beegfs/teran_parrales/NVISII/CMakeFiles/CMakeTmp

Run Build Command(s):/usr/bin/gmake -f Makefile cmTC_e9ccd/fast && /usr/bin/gmake  -f CMakeFiles/cmTC_e9ccd.dir/build.make CMakeFiles/cmTC_e9ccd.dir/build
gmake[1]: Entering directory `/beegfs/teran_parrales/NVISII/CMakeFiles/CMakeTmp'
Building C object CMakeFiles/cmTC_e9ccd.dir/src.c.o
/beegfs/Tools/easybuild/stacks/rome/2022a/software/GCCcore/11.3.0/bin/cc -DCMAKE_HAVE_LIBC_PTHREAD   -o CMakeFiles/cmTC_e9ccd.dir/src.c.o -c /beegfs/teran_parrales/NVISII/CMakeFiles/CMakeTmp/src.c
Linking C executable cmTC_e9ccd
/beegfs/Tools/easybuild/stacks/rome/2022a/software/CMake/3.23.1-GCCcore-11.3.0/bin/cmake -E cmake_link_script CMakeFiles/cmTC_e9ccd.dir/link.txt --verbose=1
/beegfs/Tools/easybuild/stacks/rome/2022a/software/GCCcore/11.3.0/bin/cc -rdynamic CMakeFiles/cmTC_e9ccd.dir/src.c.o -o cmTC_e9ccd 
/beegfs/Tools/easybuild/stacks/rome/2021a/software/binutils/2.36.1/bin/ld: CMakeFiles/cmTC_e9ccd.dir/src.c.o: in function `main':
src.c:(.text+0x2d): undefined reference to `pthread_create'
/beegfs/Tools/easybuild/stacks/rome/2021a/software/binutils/2.36.1/bin/ld: src.c:(.text+0x39): undefined reference to `pthread_detach'
/beegfs/Tools/easybuild/stacks/rome/2021a/software/binutils/2.36.1/bin/ld: src.c:(.text+0x45): undefined reference to `pthread_cancel'
/beegfs/Tools/easybuild/stacks/rome/2021a/software/binutils/2.36.1/bin/ld: src.c:(.text+0x56): undefined reference to `pthread_join'
/beegfs/Tools/easybuild/stacks/rome/2021a/software/binutils/2.36.1/bin/ld: src.c:(.text+0x6a): undefined reference to `pthread_atfork'
collect2: error: ld returned 1 exit status
gmake[1]: *** [cmTC_e9ccd] Error 1
gmake[1]: Leaving directory `/beegfs/teran_parrales/NVISII/CMakeFiles/CMakeTmp'
gmake: *** [cmTC_e9ccd/fast] Error 2


Source file was:
#include <pthread.h>

static void* test_func(void* data)
{
  return data;
}

int main(void)
{
  pthread_t thread;
  pthread_create(&thread, NULL, test_func, NULL);
  pthread_detach(thread);
  pthread_cancel(thread);
  pthread_join(thread, NULL);
  pthread_atfork(NULL, NULL, NULL);
  pthread_exit(NULL);

  return 0;
}

Determining if the function pthread_create exists in the pthreads failed with the following output:
Change Dir: /beegfs/teran_parrales/NVISII/CMakeFiles/CMakeTmp

Run Build Command(s):/usr/bin/gmake -f Makefile cmTC_d0bc6/fast && /usr/bin/gmake  -f CMakeFiles/cmTC_d0bc6.dir/build.make CMakeFiles/cmTC_d0bc6.dir/build
gmake[1]: Entering directory `/beegfs/teran_parrales/NVISII/CMakeFiles/CMakeTmp'
Building C object CMakeFiles/cmTC_d0bc6.dir/CheckFunctionExists.c.o
/beegfs/Tools/easybuild/stacks/rome/2022a/software/GCCcore/11.3.0/bin/cc   -DCHECK_FUNCTION_EXISTS=pthread_create -o CMakeFiles/cmTC_d0bc6.dir/CheckFunctionExists.c.o -c /beegfs/Tools/easybuild/stacks/rome/2022a/software/CMake/3.23.1-GCCcore-11.3.0/share/cmake-3.23/Modules/CheckFunctionExists.c
Linking C executable cmTC_d0bc6
/beegfs/Tools/easybuild/stacks/rome/2022a/software/CMake/3.23.1-GCCcore-11.3.0/bin/cmake -E cmake_link_script CMakeFiles/cmTC_d0bc6.dir/link.txt --verbose=1
/beegfs/Tools/easybuild/stacks/rome/2022a/software/GCCcore/11.3.0/bin/cc  -DCHECK_FUNCTION_EXISTS=pthread_create CMakeFiles/cmTC_d0bc6.dir/CheckFunctionExists.c.o -o cmTC_d0bc6  -lpthreads 
/beegfs/Tools/easybuild/stacks/rome/2021a/software/binutils/2.36.1/bin/ld: cannot find -lpthreads
collect2: error: ld returned 1 exit status
gmake[1]: *** [cmTC_d0bc6] Error 1
gmake[1]: Leaving directory `/beegfs/teran_parrales/NVISII/CMakeFiles/CMakeTmp'
gmake: *** [cmTC_d0bc6/fast] Error 2



